2013-05-07 17:08:41,864 - INFO - fetching subtitles for '/home/dierickx/Downloads/The.Big.Bang.Theory.S09E18.HDTV.X264-LOL.mp4'
2013-05-07 17:08:42,057 - INFO - no subtitles found for '/home/dierickx/Downloads/The.Big.Bang.Theory.S09E18.HDTV.X264-LOL.mp4'
2013-05-07 17:08:42,057 - INFO - already subtitled '/home/dierickx/Downloads/The.Big.Bang.Theory.S06E18.HDTV.X264-LOL.mp4'
2013-05-07 17:08:42,058 - INFO - already subtitled '/home/dierickx/Downloads/The.Big.Bang.Theory.S06E19.HDTV.X264-LOL.mp4'
2013-05-07 17:09:01,880 - INFO - processing folder '/home/dierickx/Downloads'
2013-05-07 17:09:01,937 - INFO - fetching subtitles for '/home/dierickx/Downloads/The.Big.Bang.Theory.S09E18.HDTV.X264-LOL.mp4'
2013-05-07 17:09:02,132 - INFO - no subtitles found for '/home/dierickx/Downloads/The.Big.Bang.Theory.S09E18.HDTV.X264-LOL.mp4'
2013-05-07 17:09:02,132 - INFO - already subtitled '/home/dierickx/Downloads/The.Big.Bang.Theory.S06E18.HDTV.X264-LOL.mp4'
2013-05-07 17:09:02,132 - INFO - already subtitled '/home/dierickx/Downloads/The.Big.Bang.Theory.S06E19.HDTV.X264-LOL.mp4'
2013-05-07 17:09:49,177 - INFO - processing folder '/home/dierickx/Downloads'
2013-05-07 17:09:49,234 - INFO - fetching subtitles for '/home/dierickx/Downloads/The.Big.Bang.Theory.S09E18.HDTV.X264-LOL.mp4'
2013-05-07 17:09:49,450 - INFO - no subtitles found for '/home/dierickx/Downloads/The.Big.Bang.Theory.S09E18.HDTV.X264-LOL.mp4'
2013-05-07 17:09:49,450 - INFO - already subtitled '/home/dierickx/Downloads/The.Big.Bang.Theory.S06E18.HDTV.X264-LOL.mp4'
2013-05-07 17:09:49,450 - INFO - already subtitled '/home/dierickx/Downloads/The.Big.Bang.Theory.S06E19.HDTV.X264-LOL.mp4'
2013-05-07 17:10:11,400 - INFO - processing folder '/home/dierickx/Downloads'
2013-05-07 17:10:11,458 - INFO - fetching subtitles for '/home/dierickx/Downloads/The.Big.Bang.Theory.S09E18.HDTV.X264-LOL.mp4'
2013-05-07 17:10:11,684 - WARNING - no subtitles found for '/home/dierickx/Downloads/The.Big.Bang.Theory.S09E18.HDTV.X264-LOL.mp4'
2013-05-07 17:10:11,684 - INFO - already subtitled '/home/dierickx/Downloads/The.Big.Bang.Theory.S06E18.HDTV.X264-LOL.mp4'
2013-05-07 17:10:11,684 - INFO - already subtitled '/home/dierickx/Downloads/The.Big.Bang.Theory.S06E19.HDTV.X264-LOL.mp4'
2013-05-07 20:17:29,030 - INFO - processing folder '/home/dierickx/Downloads'
2013-05-07 20:17:29,091 - INFO - fetching subtitles for '/home/dierickx/Downloads/The.Big.Bang.Theory.S09E18.HDTV.X264-LOL.mp4'
2013-05-07 20:17:30,077 - WARNING - no subtitles found for '/home/dierickx/Downloads/The.Big.Bang.Theory.S09E18.HDTV.X264-LOL.mp4'
2013-05-07 20:17:30,078 - INFO - already subtitled '/home/dierickx/Downloads/The.Big.Bang.Theory.S06E18.HDTV.X264-LOL.mp4'
2013-05-07 20:17:30,078 - INFO - already subtitled '/home/dierickx/Downloads/The.Big.Bang.Theory.S06E19.HDTV.X264-LOL.mp4'
2013-05-07 20:17:37,876 - INFO - processing folder '/home/dierickx/Downloads'
2013-05-07 20:17:37,933 - INFO - fetching subtitles for '/home/dierickx/Downloads/The.Big.Bang.Theory.S09E18.HDTV.X264-LOL.mp4'
2013-05-07 20:17:38,649 - WARNING - no subtitles found for '/home/dierickx/Downloads/The.Big.Bang.Theory.S09E18.HDTV.X264-LOL.mp4'
2013-05-07 20:17:38,649 - INFO - already subtitled '/home/dierickx/Downloads/The.Big.Bang.Theory.S06E18.HDTV.X264-LOL.mp4'
2013-05-07 20:17:38,649 - INFO - already subtitled '/home/dierickx/Downloads/The.Big.Bang.Theory.S06E19.HDTV.X264-LOL.mp4'
2013-05-07 20:17:43,905 - INFO - processing folder '/home/dierickx/Downloads'
2013-05-07 20:17:43,962 - INFO - fetching subtitles for '/home/dierickx/Downloads/The.Big.Bang.Theory.S09E18.HDTV.X264-LOL.mp4'
2013-05-07 20:17:44,535 - WARNING - no subtitles found for '/home/dierickx/Downloads/The.Big.Bang.Theory.S09E18.HDTV.X264-LOL.mp4'
2013-05-07 20:17:44,536 - INFO - already subtitled '/home/dierickx/Downloads/The.Big.Bang.Theory.S06E18.HDTV.X264-LOL.mp4'
2013-05-07 20:17:44,536 - INFO - already subtitled '/home/dierickx/Downloads/The.Big.Bang.Theory.S06E19.HDTV.X264-LOL.mp4'
2013-05-07 20:32:13,665 - INFO - processing '<built-in function input>'
2013-05-07 20:33:12,769 - INFO - processing file '/home/dierickx/Downloads/The.Big.Bang.Theory.S09E18.HDTV.X264-LOL.mp4'
2013-05-07 20:33:12,826 - INFO - fetching subtitles for '/home/dierickx/Downloads/The.Big.Bang.Theory.S09E18.HDTV.X264-LOL.mp4'
2013-05-07 20:33:13,172 - WARNING - no subtitles found for '/home/dierickx/Downloads/The.Big.Bang.Theory.S09E18.HDTV.X264-LOL.mp4'
2013-05-07 20:33:13,172 - INFO - already subtitled '/home/dierickx/Downloads/The.Big.Bang.Theory.S06E18.HDTV.X264-LOL.mp4'
2013-05-07 20:33:13,173 - INFO - already subtitled '/home/dierickx/Downloads/The.Big.Bang.Theory.S06E19.HDTV.X264-LOL.mp4'
2013-05-07 20:33:31,493 - INFO - processing file '/home/dierickx/Downloads/The.Big.Bang.Theory.S09E18.HDTV.X264-LOL.mp4'
2013-05-07 20:33:31,555 - INFO - fetching subtitles for '/home/dierickx/Downloads/The.Big.Bang.Theory.S09E18.HDTV.X264-LOL.mp4'
2013-05-07 20:33:31,844 - WARNING - no subtitles found for '/home/dierickx/Downloads/The.Big.Bang.Theory.S09E18.HDTV.X264-LOL.mp4'
2013-05-07 20:33:31,844 - INFO - processing file '/home/dierickx/Downloads/The.Big.Bang.Theory.S06E18.HDTV.X264-LOL.mp4'
2013-05-07 20:33:31,861 - INFO - fetching subtitles for '/home/dierickx/Downloads/The.Big.Bang.Theory.S06E18.HDTV.X264-LOL.mp4'
2013-05-07 20:33:46,643 - INFO - processing file '/home/dierickx/Downloads/The.Big.Bang.Theory.S09E18.HDTV.X264-LOL.mp4'
2013-05-07 20:33:46,700 - INFO - fetching subtitles for '/home/dierickx/Downloads/The.Big.Bang.Theory.S09E18.HDTV.X264-LOL.mp4'
2013-05-07 20:33:47,261 - WARNING - no subtitles found for '/home/dierickx/Downloads/The.Big.Bang.Theory.S09E18.HDTV.X264-LOL.mp4'
2013-05-07 20:33:47,262 - INFO - processing file '/home/dierickx/Downloads/The.Big.Bang.Theory.S06E18.HDTV.X264-LOL.mp4'
2013-05-07 20:33:47,281 - INFO - fetching subtitles for '/home/dierickx/Downloads/The.Big.Bang.Theory.S06E18.HDTV.X264-LOL.mp4'
2013-05-07 20:33:47,896 - INFO - best fit: '/home/dierickx/Downloads/The.Big.Bang.Theory.S06E18.HDTV.X264-LOL.mp4'='http://www.bierdopje.com/downloads/sub/133159/The.Big.Bang.Theory.S06E18.HDTV.x264-LOL/apikey/BB442E7744E9B541' [18.0]
2013-05-07 20:33:48,601 - INFO - writing '/home/dierickx/Downloads/The.Big.Bang.Theory.S06E18.HDTV.X264-LOL.srt'
2013-05-07 20:33:48,601 - INFO - processing file '/home/dierickx/Downloads/The.Big.Bang.Theory.S06E19.HDTV.X264-LOL.mp4'
2013-05-07 20:33:48,613 - INFO - fetching subtitles for '/home/dierickx/Downloads/The.Big.Bang.Theory.S06E19.HDTV.X264-LOL.mp4'
2013-05-07 20:33:48,929 - INFO - best fit: '/home/dierickx/Downloads/The.Big.Bang.Theory.S06E19.HDTV.X264-LOL.mp4'='http://www.bierdopje.com/downloads/sub/134642/The.Big.Bang.Theory.S06E19.HDTV.x264-LOL/apikey/369C2ED4261DE9C3' [18.0]
2013-05-07 20:33:49,910 - INFO - writing '/home/dierickx/Downloads/The.Big.Bang.Theory.S06E19.HDTV.X264-LOL.srt'
2013-05-07 20:33:53,989 - INFO - processing file '/home/dierickx/Downloads/The.Big.Bang.Theory.S09E18.HDTV.X264-LOL.mp4'
2013-05-07 20:33:54,046 - INFO - fetching subtitles for '/home/dierickx/Downloads/The.Big.Bang.Theory.S09E18.HDTV.X264-LOL.mp4'
2013-05-07 20:33:54,339 - WARNING - no subtitles found for '/home/dierickx/Downloads/The.Big.Bang.Theory.S09E18.HDTV.X264-LOL.mp4'
2013-05-07 20:33:54,339 - INFO - already subtitled '/home/dierickx/Downloads/The.Big.Bang.Theory.S06E18.HDTV.X264-LOL.mp4'
2013-05-07 20:33:54,340 - INFO - already subtitled '/home/dierickx/Downloads/The.Big.Bang.Theory.S06E19.HDTV.X264-LOL.mp4'
2013-05-07 20:35:45,826 - INFO - processing file '/home/dierickx/Downloads/The.Big.Bang.Theory.S09E18.HDTV.X264-LOL.mp4'
2013-05-07 20:35:45,883 - INFO - fetching subtitles for '/home/dierickx/Downloads/The.Big.Bang.Theory.S09E18.HDTV.X264-LOL.mp4'
2013-05-07 20:35:46,253 - WARNING - no subtitles found for '/home/dierickx/Downloads/The.Big.Bang.Theory.S09E18.HDTV.X264-LOL.mp4'
2013-05-07 20:35:46,254 - INFO - already subtitled '/home/dierickx/Downloads/The.Big.Bang.Theory.S06E18.HDTV.X264-LOL.mp4'
2013-05-07 20:35:46,254 - INFO - already subtitled '/home/dierickx/Downloads/The.Big.Bang.Theory.S06E19.HDTV.X264-LOL.mp4'
2013-05-07 20:36:09,250 - INFO - processing file '/home/dierickx/Downloads/The.Big.Bang.Theory.S09E18.HDTV.X264-LOL.mp4'
2013-05-07 20:36:09,307 - INFO - fetching subtitles for '/home/dierickx/Downloads/The.Big.Bang.Theory.S09E18.HDTV.X264-LOL.mp4'
2013-05-07 20:36:09,719 - WARNING - no subtitles found for '/home/dierickx/Downloads/The.Big.Bang.Theory.S09E18.HDTV.X264-LOL.mp4'
2013-05-07 20:36:17,643 - INFO - processing file '/home/dierickx/Downloads/The.Big.Bang.Theory.S09E18.HDTV.X264-LOL.mp4'
2013-05-07 20:36:17,707 - INFO - fetching subtitles for '/home/dierickx/Downloads/The.Big.Bang.Theory.S09E18.HDTV.X264-LOL.mp4'
2013-05-07 20:36:17,998 - WARNING - no subtitles found for '/home/dierickx/Downloads/The.Big.Bang.Theory.S09E18.HDTV.X264-LOL.mp4'
